{"name": "test_buy_product_1", "status": "broken", "statusDetails": {"message": "selenium.common.exceptions.TimeoutException: Message: \nStacktrace:\n\tGetHandleVerifier [0x0x7ff6131bcda5+78885]\n\tGetHandleVerifier [0x0x7ff6131bce00+78976]\n\t(No symbol) [0x0x7ff612f79bca]\n\t(No symbol) [0x0x7ff612fd0766]\n\t(No symbol) [0x0x7ff612fd0a1c]\n\t(No symbol) [0x0x7ff613024467]\n\t(No symbol) [0x0x7ff612ff8bcf]\n\t(No symbol) [0x0x7ff61302122f]\n\t(No symbol) [0x0x7ff612ff8963]\n\t(No symbol) [0x0x7ff612fc16b1]\n\t(No symbol) [0x0x7ff612fc2443]\n\tGetHandleVerifier [0x0x7ff613494eed+3061101]\n\tGetHandleVerifier [0x0x7ff61348f33d+3037629]\n\tGetHandleVerifier [0x0x7ff6134ae592+3165202]\n\tGetHandleVerifier [0x0x7ff6131d730e+186766]\n\tGetHandleVerifier [0x0x7ff6131deb3f+217535]\n\tGetHandleVerifier [0x0x7ff6131c59b4+114740]\n\tGetHandleVerifier [0x0x7ff6131c5b69+115177]\n\tGetHandleVerifier [0x0x7ff6131ac368+10728]\n\tBaseThreadInitThunk [0x0x7ff8da816fd4+20]\n\tRtlUserThreadStart [0x0x7ff8dc1bcec1+33]", "trace": "@allure.description(\"Test buy product 1\")\n    def test_buy_product_1():\n        # options.add_experimental_option('excludeSwitches', ['enable-logging'])\n        options = webdriver.ChromeOptions()\n        options.add_experimental_option(\"detach\", True)\n        options.add_argument(\"--guest\")\n        driver = webdriver.Chrome(options=options)\n    \n        print(\"Start Test 1\")\n    \n        login = LoginPage(driver)\n        login.authorization()\n    \n        mp = Main_Page(driver)\n>       mp.select_product1()\n\ntests\\Test_buy_product.py:33: \n_ _ _ _ _ _ _ _ _ _ _ _ _ _ _ _ _ _ _ _ _ _ _ _ _ _ _ _ _ _ _ _ _ _ _ _ _ _ _ _ _ _ _ _ _ _ _ _ _ _ _ _ _ \npages\\main_page.py:73: in select_product1\n    self.click_select_product_1()\npages\\main_page.py:44: in click_select_product_1\n    self.get_select_product_1().click()\n    ^^^^^^^^^^^^^^^^^^^^^^^^^^^\npages\\main_page.py:25: in get_select_product_1\n    return WebDriverWait(self.driver, 15).until(EC.element_to_be_clickable((By.XPATH, self.select_product_1)))\n           ^^^^^^^^^^^^^^^^^^^^^^^^^^^^^^^^^^^^^^^^^^^^^^^^^^^^^^^^^^^^^^^^^^^^^^^^^^^^^^^^^^^^^^^^^^^^^^^^^^^\n_ _ _ _ _ _ _ _ _ _ _ _ _ _ _ _ _ _ _ _ _ _ _ _ _ _ _ _ _ _ _ _ _ _ _ _ _ _ _ _ _ _ _ _ _ _ _ _ _ _ _ _ _ \n\nself = <selenium.webdriver.support.wait.WebDriverWait (session=\"fae8cc1b24a29d85dab281a88911f46e\")>\nmethod = <function element_to_be_clickable.<locals>._predicate at 0x000002455A767920>, message = ''\n\n    def until(self, method: Callable[[D], Union[Literal[False], T]], message: str = \"\") -> T:\n        \"\"\"Wait until the method returns a value that is not False.\n    \n        Calls the method provided with the driver as an argument until the\n        return value does not evaluate to ``False``.\n    \n        Parameters:\n        -----------\n        method: callable(WebDriver)\n            - A callable object that takes a WebDriver instance as an argument.\n    \n        message: str\n            - Optional message for :exc:`TimeoutException`\n    \n        Return:\n        -------\n        object: T\n            - The result of the last call to `method`\n    \n        Raises:\n        -------\n        TimeoutException\n            - If 'method' does not return a truthy value within the WebDriverWait\n            object's timeout\n    \n        Example:\n        --------\n        >>> from selenium.webdriver.common.by import By\n        >>> from selenium.webdriver.support.ui import WebDriverWait\n        >>> from selenium.webdriver.support import expected_conditions as EC\n    \n        # Wait until an element is visible on the page\n        >>> wait = WebDriverWait(driver, 10)\n        >>> element = wait.until(EC.visibility_of_element_located((By.ID, \"exampleId\")))\n        >>> print(element.text)\n        \"\"\"\n        screen = None\n        stacktrace = None\n    \n        end_time = time.monotonic() + self._timeout\n        while True:\n            try:\n                value = method(self._driver)\n                if value:\n                    return value\n            except self._ignored_exceptions as exc:\n                screen = getattr(exc, \"screen\", None)\n                stacktrace = getattr(exc, \"stacktrace\", None)\n            if time.monotonic() > end_time:\n                break\n            time.sleep(self._poll)\n>       raise TimeoutException(message, screen, stacktrace)\nE       selenium.common.exceptions.TimeoutException: Message: \nE       Stacktrace:\nE       \tGetHandleVerifier [0x0x7ff6131bcda5+78885]\nE       \tGetHandleVerifier [0x0x7ff6131bce00+78976]\nE       \t(No symbol) [0x0x7ff612f79bca]\nE       \t(No symbol) [0x0x7ff612fd0766]\nE       \t(No symbol) [0x0x7ff612fd0a1c]\nE       \t(No symbol) [0x0x7ff613024467]\nE       \t(No symbol) [0x0x7ff612ff8bcf]\nE       \t(No symbol) [0x0x7ff61302122f]\nE       \t(No symbol) [0x0x7ff612ff8963]\nE       \t(No symbol) [0x0x7ff612fc16b1]\nE       \t(No symbol) [0x0x7ff612fc2443]\nE       \tGetHandleVerifier [0x0x7ff613494eed+3061101]\nE       \tGetHandleVerifier [0x0x7ff61348f33d+3037629]\nE       \tGetHandleVerifier [0x0x7ff6134ae592+3165202]\nE       \tGetHandleVerifier [0x0x7ff6131d730e+186766]\nE       \tGetHandleVerifier [0x0x7ff6131deb3f+217535]\nE       \tGetHandleVerifier [0x0x7ff6131c59b4+114740]\nE       \tGetHandleVerifier [0x0x7ff6131c5b69+115177]\nE       \tGetHandleVerifier [0x0x7ff6131ac368+10728]\nE       \tBaseThreadInitThunk [0x0x7ff8da816fd4+20]\nE       \tRtlUserThreadStart [0x0x7ff8dc1bcec1+33]\n\nC:\\Users\\i3\\AppData\\Local\\Programs\\Python\\Python312\\Lib\\site-packages\\selenium\\webdriver\\support\\wait.py:146: TimeoutException"}, "description": "Test buy product 1", "steps": [{"name": "Authorization", "status": "passed", "start": 1750793888024, "stop": 1750793889226}, {"name": "Select product 1", "status": "broken", "statusDetails": {"message": "selenium.common.exceptions.TimeoutException: Message: \nStacktrace:\n\tGetHandleVerifier [0x0x7ff6131bcda5+78885]\n\tGetHandleVerifier [0x0x7ff6131bce00+78976]\n\t(No symbol) [0x0x7ff612f79bca]\n\t(No symbol) [0x0x7ff612fd0766]\n\t(No symbol) [0x0x7ff612fd0a1c]\n\t(No symbol) [0x0x7ff613024467]\n\t(No symbol) [0x0x7ff612ff8bcf]\n\t(No symbol) [0x0x7ff61302122f]\n\t(No symbol) [0x0x7ff612ff8963]\n\t(No symbol) [0x0x7ff612fc16b1]\n\t(No symbol) [0x0x7ff612fc2443]\n\tGetHandleVerifier [0x0x7ff613494eed+3061101]\n\tGetHandleVerifier [0x0x7ff61348f33d+3037629]\n\tGetHandleVerifier [0x0x7ff6134ae592+3165202]\n\tGetHandleVerifier [0x0x7ff6131d730e+186766]\n\tGetHandleVerifier [0x0x7ff6131deb3f+217535]\n\tGetHandleVerifier [0x0x7ff6131c59b4+114740]\n\tGetHandleVerifier [0x0x7ff6131c5b69+115177]\n\tGetHandleVerifier [0x0x7ff6131ac368+10728]\n\tBaseThreadInitThunk [0x0x7ff8da816fd4+20]\n\tRtlUserThreadStart [0x0x7ff8dc1bcec1+33]\n\n", "trace": "  File \"D:\\Python\\Stepik Alex Smit\\OOP\\GITHUB\\pages\\main_page.py\", line 73, in select_product1\n    self.click_select_product_1()\n  File \"D:\\Python\\Stepik Alex Smit\\OOP\\GITHUB\\pages\\main_page.py\", line 44, in click_select_product_1\n    self.get_select_product_1().click()\n    ^^^^^^^^^^^^^^^^^^^^^^^^^^^\n  File \"D:\\Python\\Stepik Alex Smit\\OOP\\GITHUB\\pages\\main_page.py\", line 25, in get_select_product_1\n    return WebDriverWait(self.driver, 15).until(EC.element_to_be_clickable((By.XPATH, self.select_product_1)))\n           ^^^^^^^^^^^^^^^^^^^^^^^^^^^^^^^^^^^^^^^^^^^^^^^^^^^^^^^^^^^^^^^^^^^^^^^^^^^^^^^^^^^^^^^^^^^^^^^^^^^\n  File \"C:\\Users\\i3\\AppData\\Local\\Programs\\Python\\Python312\\Lib\\site-packages\\selenium\\webdriver\\support\\wait.py\", line 146, in until\n    raise TimeoutException(message, screen, stacktrace)\n"}, "start": 1750793889226, "stop": 1750793904255}], "attachments": [{"name": "stdout", "source": "f10359ba-1f05-44d5-9b2f-0be95e49ffcb-attachment.txt", "type": "text/plain"}], "start": 1750793886803, "stop": 1750793904257, "uuid": "e76f50a2-f7b9-4f21-a55d-e7973145b361", "historyId": "fd53f24313f065ec5a0ef7b073f57d11", "testCaseId": "fd53f24313f065ec5a0ef7b073f57d11", "fullName": "tests.Test_buy_product#test_buy_product_1", "labels": [{"name": "parentSuite", "value": "tests"}, {"name": "suite", "value": "Test_buy_product"}, {"name": "host", "value": "DESKTOP-G6OGPTS"}, {"name": "thread", "value": "9676-MainThread"}, {"name": "framework", "value": "pytest"}, {"name": "language", "value": "cpython3"}, {"name": "package", "value": "tests.Test_buy_product"}]}